Release 14.7 - xst P.20131013 (nt64)
Copyright (c) 1995-2013 Xilinx, Inc.  All rights reserved.
--> Parameter TMPDIR set to xst/projnav.tmp


Total REAL time to Xst completion: 0.00 secs
Total CPU time to Xst completion: 0.09 secs
 
--> Parameter xsthdpdir set to xst


Total REAL time to Xst completion: 0.00 secs
Total CPU time to Xst completion: 0.09 secs
 
--> Reading design: NSFC_TOP.prj

TABLE OF CONTENTS
  1) Synthesis Options Summary
  2) HDL Parsing
  3) HDL Elaboration
  4) HDL Synthesis
       4.1) HDL Synthesis Report
  5) Advanced HDL Synthesis
       5.1) Advanced HDL Synthesis Report
  6) Low Level Synthesis
  7) Partition Report
  8) Design Summary
       8.1) Primitive and Black Box Usage
       8.2) Device utilization summary
       8.3) Partition Resource Summary
       8.4) Timing Report
            8.4.1) Clock Information
            8.4.2) Asynchronous Control Signals Information
            8.4.3) Timing Summary
            8.4.4) Timing Details
            8.4.5) Cross Clock Domains Report


=========================================================================
*                      Synthesis Options Summary                        *
=========================================================================
---- Source Parameters
Input File Name                    : "NSFC_TOP.prj"
Ignore Synthesis Constraint File   : NO

---- Target Parameters
Output File Name                   : "NSFC_TOP"
Output Format                      : NGC
Target Device                      : xc6slx9-3-tqg144

---- Source Options
Top Module Name                    : NSFC_TOP
Automatic FSM Extraction           : YES
FSM Encoding Algorithm             : Auto
Safe Implementation                : No
FSM Style                          : LUT
RAM Extraction                     : Yes
RAM Style                          : Auto
ROM Extraction                     : Yes
Shift Register Extraction          : YES
ROM Style                          : Auto
Resource Sharing                   : YES
Asynchronous To Synchronous        : NO
Shift Register Minimum Size        : 2
Use DSP Block                      : Auto
Automatic Register Balancing       : No

---- Target Options
LUT Combining                      : Auto
Reduce Control Sets                : Auto
Add IO Buffers                     : YES
Global Maximum Fanout              : 100000
Add Generic Clock Buffer(BUFG)     : 16
Register Duplication               : YES
Optimize Instantiated Primitives   : NO
Use Clock Enable                   : Auto
Use Synchronous Set                : Auto
Use Synchronous Reset              : Auto
Pack IO Registers into IOBs        : Auto
Equivalent register Removal        : YES

---- General Options
Optimization Goal                  : Speed
Optimization Effort                : 1
Power Reduction                    : NO
Keep Hierarchy                     : No
Netlist Hierarchy                  : As_Optimized
RTL Output                         : Yes
Global Optimization                : AllClockNets
Read Cores                         : YES
Write Timing Constraints           : NO
Cross Clock Analysis               : NO
Hierarchy Separator                : /
Bus Delimiter                      : <>
Case Specifier                     : Maintain
Slice Utilization Ratio            : 100
BRAM Utilization Ratio             : 100
DSP48 Utilization Ratio            : 100
Auto BRAM Packing                  : NO
Slice Utilization Ratio Delta      : 5

---- Other Options
Cores Search Directories           : {"ipcore_dir"  }

=========================================================================


=========================================================================
*                          HDL Parsing                                  *
=========================================================================
Analyzing Verilog file "E:\Temp\NSFC_V3_20181019_001\NSFCV3_FPGA_20181019\ipcore_dir\BASIC_CLOCKS.v" into library work
Parsing module <BASIC_CLOCKS>.
Analyzing Verilog file "E:\Temp\NSFC_V3_20181019_001\NSFCV3_FPGA_20181019\Clockdivision.v" into library work
Parsing module <CLK_distribution>.
Analyzing Verilog file "E:\Temp\NSFC_V3_20181019_001\NSFCV3_FPGA_20181019\NSFC_TOP.v" into library work
Parsing module <NSFC_TOP>.

=========================================================================
*                            HDL Elaboration                            *
=========================================================================

Elaborating module <NSFC_TOP>.

Elaborating module <BASIC_CLOCKS>.

Elaborating module <IBUFG>.

Elaborating module <DCM_SP(CLKDV_DIVIDE=10.0,CLKFX_DIVIDE=20,CLKFX_MULTIPLY=2,CLKIN_DIVIDE_BY_2="FALSE",CLKIN_PERIOD=20.0,CLKOUT_PHASE_SHIFT="NONE",CLK_FEEDBACK="1X",DESKEW_ADJUST="SYSTEM_SYNCHRONOUS",PHASE_SHIFT=0,STARTUP_WAIT="FALSE")>.
WARNING:HDLCompiler:1127 - "E:\Temp\NSFC_V3_20181019_001\NSFCV3_FPGA_20181019\ipcore_dir\BASIC_CLOCKS.v" Line 128: Assignment to locked_int ignored, since the identifier is never used
WARNING:HDLCompiler:1127 - "E:\Temp\NSFC_V3_20181019_001\NSFCV3_FPGA_20181019\ipcore_dir\BASIC_CLOCKS.v" Line 129: Assignment to status_int ignored, since the identifier is never used

Elaborating module <BUFG>.

Elaborating module <CLK_distribution>.
WARNING:HDLCompiler:413 - "E:\Temp\NSFC_V3_20181019_001\NSFCV3_FPGA_20181019\Clockdivision.v" Line 34: Result of 21-bit expression is truncated to fit in 20-bit target.

=========================================================================
*                           HDL Synthesis                               *
=========================================================================

Synthesizing Unit <NSFC_TOP>.
    Related source file is "E:\Temp\NSFC_V3_20181019_001\NSFCV3_FPGA_20181019\NSFC_TOP.v".
    Summary:
	no macro.
Unit <NSFC_TOP> synthesized.

Synthesizing Unit <BASIC_CLOCKS>.
    Related source file is "E:\Temp\NSFC_V3_20181019_001\NSFCV3_FPGA_20181019\ipcore_dir\BASIC_CLOCKS.v".
    Summary:
	no macro.
Unit <BASIC_CLOCKS> synthesized.

Synthesizing Unit <CLK_distribution>.
    Related source file is "E:\Temp\NSFC_V3_20181019_001\NSFCV3_FPGA_20181019\Clockdivision.v".
    Found 20-bit register for signal <Count>.
    Found 1-bit register for signal <SYN1_R>.
    Found 1-bit register for signal <CLK_W>.
    Found 20-bit adder for signal <Count[19]_GND_6_o_add_1_OUT> created at line 34.
    Summary:
	inferred   1 Adder/Subtractor(s).
	inferred  22 D-type flip-flop(s).
Unit <CLK_distribution> synthesized.

=========================================================================
HDL Synthesis Report

Macro Statistics
# Adders/Subtractors                                   : 1
 20-bit adder                                          : 1
# Registers                                            : 3
 1-bit register                                        : 2
 20-bit register                                       : 1

=========================================================================

=========================================================================
*                       Advanced HDL Synthesis                          *
=========================================================================


Synthesizing (advanced) Unit <CLK_distribution>.
The following registers are absorbed into counter <Count>: 1 register on signal <Count>.
Unit <CLK_distribution> synthesized (advanced).

=========================================================================
Advanced HDL Synthesis Report

Macro Statistics
# Counters                                             : 1
 20-bit up counter                                     : 1
# Registers                                            : 2
 Flip-Flops                                            : 2

=========================================================================

=========================================================================
*                         Low Level Synthesis                           *
=========================================================================

Optimizing unit <NSFC_TOP> ...

Optimizing unit <CLK_distribution> ...

Mapping all equations...
Building and optimizing final netlist ...
Found area constraint ratio of 100 (+ 5) on block NSFC_TOP, actual ratio is 0.

Final Macro Processing ...

=========================================================================
Final Register Report

Macro Statistics
# Registers                                            : 22
 Flip-Flops                                            : 22

=========================================================================

=========================================================================
*                           Partition Report                            *
=========================================================================

Partition Implementation Status
-------------------------------

  No Partitions were found in this design.

-------------------------------

=========================================================================
*                            Design Summary                             *
=========================================================================

Top Level Output File Name         : NSFC_TOP.ngc

Primitive and Black Box Usage:
------------------------------
# BELS                             : 71
#      GND                         : 1
#      INV                         : 2
#      LUT1                        : 19
#      LUT2                        : 1
#      LUT6                        : 8
#      MUXCY                       : 19
#      VCC                         : 1
#      XORCY                       : 20
# FlipFlops/Latches                : 22
#      FDR                         : 22
# Clock Buffers                    : 2
#      BUFG                        : 2
# IO Buffers                       : 6
#      IBUF                        : 1
#      IBUFG                       : 1
#      OBUF                        : 4
# DCMs                             : 1
#      DCM_SP                      : 1

Device utilization summary:
---------------------------

Selected Device : 6slx9tqg144-3 


Slice Logic Utilization: 
 Number of Slice Registers:              22  out of  11440     0%  
 Number of Slice LUTs:                   30  out of   5720     0%  
    Number used as Logic:                30  out of   5720     0%  

Slice Logic Distribution: 
 Number of LUT Flip Flop pairs used:     30
   Number with an unused Flip Flop:       8  out of     30    26%  
   Number with an unused LUT:             0  out of     30     0%  
   Number of fully used LUT-FF pairs:    22  out of     30    73%  
   Number of unique control sets:         2

IO Utilization: 
 Number of IOs:                           6
 Number of bonded IOBs:                   6  out of    102     5%  

Specific Feature Utilization:
 Number of BUFG/BUFGCTRLs:                2  out of     16    12%  

---------------------------
Partition Resource Summary:
---------------------------

  No Partitions were found in this design.

---------------------------


=========================================================================
Timing Report

NOTE: THESE TIMING NUMBERS ARE ONLY A SYNTHESIS ESTIMATE.
      FOR ACCURATE TIMING INFORMATION PLEASE REFER TO THE TRACE REPORT
      GENERATED AFTER PLACE-and-ROUTE.

Clock Information:
------------------
-----------------------------------+------------------------+-------+
Clock Signal                       | Clock buffer(FF name)  | Load  |
-----------------------------------+------------------------+-------+
CLK0                               | DCM_SP:CLKFX           | 22    |
-----------------------------------+------------------------+-------+

Asynchronous Control Signals Information:
----------------------------------------
No asynchronous control signals found in this design

Timing Summary:
---------------
Speed Grade: -3

   Minimum period: 0.502ns (Maximum Frequency: 1992.429MHz)
   Minimum input arrival time before clock: 3.919ns
   Maximum output required time after clock: 3.701ns
   Maximum combinational path delay: No path found

Timing Details:
---------------
All values displayed in nanoseconds (ns)

=========================================================================
Timing constraint: Default period analysis for Clock 'CLK0'
  Clock period: 0.502ns (frequency: 1992.429MHz)
  Total number of paths / destination ports: 652 / 40
-------------------------------------------------------------------------
Delay:               5.019ns (Levels of Logic = 3)
  Source:            U2/Count_10 (FF)
  Destination:       U2/Count_19 (FF)
  Source Clock:      CLK0 rising 0.1X
  Destination Clock: CLK0 rising 0.1X

  Data Path: U2/Count_10 to U2/Count_19
                                Gate     Net
    Cell:in->out      fanout   Delay   Delay  Logical Name (Net Name)
    ----------------------------------------  ------------
     FDR:C->Q              2   0.447   0.981  U2/Count_10 (U2/Count_10)
     LUT6:I0->O            1   0.203   0.684  U2/GND_6_o_GND_6_o_AND_1_o12 (U2/GND_6_o_GND_6_o_AND_1_o12)
     LUT6:I4->O            5   0.203   0.819  U2/GND_6_o_GND_6_o_AND_1_o13 (U2/GND_6_o_GND_6_o_AND_1_o1)
     LUT6:I4->O           18   0.203   1.049  U2/Mcount_Count_val1 (U2/Mcount_Count_val)
     FDR:R                     0.430          U2/Count_0
    ----------------------------------------
    Total                      5.019ns (1.486ns logic, 3.533ns route)
                                       (29.6% logic, 70.4% route)

=========================================================================
Timing constraint: Default OFFSET IN BEFORE for Clock 'CLK0'
  Total number of paths / destination ports: 24 / 24
-------------------------------------------------------------------------
Offset:              3.919ns (Levels of Logic = 2)
  Source:            Reset (PAD)
  Destination:       U2/Count_19 (FF)
  Destination Clock: CLK0 rising 0.1X

  Data Path: Reset to U2/Count_19
                                Gate     Net
    Cell:in->out      fanout   Delay   Delay  Logical Name (Net Name)
    ----------------------------------------  ------------
     IBUF:I->O             3   1.222   1.015  Reset_IBUF (Reset_IBUF)
     LUT6:I0->O           18   0.203   1.049  U2/Mcount_Count_val1 (U2/Mcount_Count_val)
     FDR:R                     0.430          U2/Count_0
    ----------------------------------------
    Total                      3.919ns (1.855ns logic, 2.064ns route)
                                       (47.3% logic, 52.7% route)

=========================================================================
Timing constraint: Default OFFSET OUT AFTER for Clock 'CLK0'
  Total number of paths / destination ports: 4 / 4
-------------------------------------------------------------------------
Offset:              3.701ns (Levels of Logic = 1)
  Source:            U2/CLK_W (FF)
  Destination:       DRV1 (PAD)
  Source Clock:      CLK0 rising 0.1X

  Data Path: U2/CLK_W to DRV1
                                Gate     Net
    Cell:in->out      fanout   Delay   Delay  Logical Name (Net Name)
    ----------------------------------------  ------------
     FDR:C->Q              4   0.447   0.683  U2/CLK_W (U2/CLK_W)
     OBUF:I->O                 2.571          DRV1_OBUF (DRV1)
    ----------------------------------------
    Total                      3.701ns (3.018ns logic, 0.683ns route)
                                       (81.6% logic, 18.4% route)

=========================================================================

Cross Clock Domains Report:
--------------------------

Clock to Setup on destination clock CLK0
---------------+---------+---------+---------+---------+
               | Src:Rise| Src:Fall| Src:Rise| Src:Fall|
Source Clock   |Dest:Rise|Dest:Rise|Dest:Fall|Dest:Fall|
---------------+---------+---------+---------+---------+
CLK0           |    5.019|         |         |         |
---------------+---------+---------+---------+---------+

=========================================================================


Total REAL time to Xst completion: 5.00 secs
Total CPU time to Xst completion: 5.35 secs
 
--> 

Total memory usage is 256924 kilobytes

Number of errors   :    0 (   0 filtered)
Number of warnings :    3 (   0 filtered)
Number of infos    :    0 (   0 filtered)

